2020-07-08 17:34:15,216 - sksurgeryfred - INFO - ablation, Actual TRE, 751
2020-07-08 17:34:20,463 - sksurgeryfred - INFO - ablation, Actual TRE, 751
2020-07-08 17:34:26,837 - sksurgeryfred - INFO - ablation, Actual TRE, -249
2020-07-08 17:34:34,625 - sksurgeryfred - INFO - ablation, Actual TRE, 751
2020-07-08 17:34:41,603 - sksurgeryfred - INFO - ablation, Expected FRE, 751
2020-07-08 17:34:48,297 - sksurgeryfred - INFO - ablation, Actual FRE, 751
2020-07-08 17:34:56,024 - sksurgeryfred - INFO - ablation, Expected FRE, 751
2020-07-08 17:35:02,570 - sksurgeryfred - INFO - ablation, Expected TRE, 751
2020-07-08 17:35:09,238 - sksurgeryfred - INFO - ablation, Expected TRE, 751
2020-07-08 17:35:16,058 - sksurgeryfred - INFO - ablation, Expected FRE, 751
2020-07-08 17:35:38,851 - sksurgeryfred - INFO - ablation, FLE and Number of Fids, 751
2020-07-08 17:35:59,365 - sksurgeryfred - INFO - ablation, Actual FRE, 751
2020-07-08 17:36:11,077 - sksurgeryfred - INFO - ablation, FLE and Number of Fids, 751
2020-07-08 17:36:17,718 - sksurgeryfred - INFO - ablation, Expected TRE, 751
2020-07-08 17:36:24,538 - sksurgeryfred - INFO - ablation, FLE and Number of Fids, 751
2020-07-08 17:36:31,468 - sksurgeryfred - INFO - ablation, Actual FRE, -249
2020-07-08 17:36:55,629 - sksurgeryfred - INFO - ablation, Expected FRE, 751
2020-07-08 17:37:04,225 - sksurgeryfred - INFO - ablation, Actual FRE, 751
2020-07-08 17:37:12,012 - sksurgeryfred - INFO - ablation, FLE and Number of Fids, 751
2020-07-08 17:37:21,043 - sksurgeryfred - INFO - ablation, Expected TRE, 751
2020-07-08 17:21:42,237 - sksurgeryfred - INFO - ablation, Actual TRE, 751
2020-07-08 17:22:22,161 - sksurgeryfred - INFO - ablation, Actual TRE, -4
2020-07-08 17:22:37,308 - sksurgeryfred - INFO - ablation, Actual TRE, 794
2020-07-08 17:22:49,342 - sksurgeryfred - INFO - ablation, Actual TRE, 840
2020-07-08 17:23:08,274 - sksurgeryfred - INFO - ablation, FLE and Number of Fids, 751
2020-07-08 17:23:22,686 - sksurgeryfred - INFO - ablation, Expected TRE, 751
2020-07-08 17:23:49,696 - sksurgeryfred - INFO - ablation, Expected TRE, 455
2020-07-08 17:24:08,113 - sksurgeryfred - INFO - ablation, Expected TRE, 579
2020-07-08 17:24:28,323 - sksurgeryfred - INFO - ablation, Expected FRE, 641
2020-07-08 17:24:48,710 - sksurgeryfred - INFO - ablation, Actual FRE, -161
2020-07-08 17:25:10,739 - sksurgeryfred - INFO - ablation, Actual FRE, 693
2020-07-08 17:25:27,106 - sksurgeryfred - INFO - ablation, FLE and Number of Fids, 693
2020-07-08 17:25:42,922 - sksurgeryfred - INFO - ablation, Expected FRE, -307
2020-07-08 17:26:02,517 - sksurgeryfred - INFO - ablation, Actual FRE, 624
2020-07-08 17:26:26,136 - sksurgeryfred - INFO - ablation, Expected TRE, 712
2020-07-08 17:26:40,023 - sksurgeryfred - INFO - ablation, FLE and Number of Fids, 712
2020-07-08 17:26:55,199 - sksurgeryfred - INFO - ablation, Expected FRE, 712
2020-07-08 17:27:09,819 - sksurgeryfred - INFO - ablation, Expected FRE, 712
2020-07-08 17:27:43,498 - sksurgeryfred - INFO - ablation, Actual FRE, 840
2020-07-08 17:28:15,872 - sksurgeryfred - INFO - ablation, FLE and Number of Fids, 712
2020-07-08 18:25:03,132 - sksurgeryfred - INFO - ablation, Actual TRE, 488
2020-07-08 18:26:01,865 - sksurgeryfred - INFO - ablation, Actual TRE, 658
2020-07-08 18:26:34,933 - sksurgeryfred - INFO - ablation, Actual TRE, 641
2020-07-08 18:27:20,250 - sksurgeryfred - INFO - ablation, Actual TRE, 466
2020-07-08 18:28:15,228 - sksurgeryfred - INFO - ablation, Expected FRE, 435
2020-07-08 18:29:11,078 - sksurgeryfred - INFO - ablation, Expected FRE, 364
2020-07-08 18:29:54,036 - sksurgeryfred - INFO - ablation, Expected FRE, 435
2020-07-08 18:31:26,520 - sksurgeryfred - INFO - ablation, FLE and Number of Fids, 406
2020-07-08 18:32:43,999 - sksurgeryfred - INFO - ablation, Expected TRE, 445
2020-07-08 18:33:50,623 - sksurgeryfred - INFO - ablation, Actual FRE, 406
2020-07-08 18:34:35,065 - sksurgeryfred - INFO - ablation, FLE and Number of Fids, 477
2020-07-08 18:35:34,374 - sksurgeryfred - INFO - ablation, Actual FRE, 445
2020-07-08 18:36:41,442 - sksurgeryfred - INFO - ablation, FLE and Number of Fids, 466
2020-07-08 18:37:27,337 - sksurgeryfred - INFO - ablation, Expected TRE, 381
2020-07-08 18:38:18,874 - sksurgeryfred - INFO - ablation, Actual FRE, 477
2020-07-08 18:39:07,002 - sksurgeryfred - INFO - ablation, Expected FRE, -616
2020-07-08 18:41:31,631 - sksurgeryfred - INFO - ablation, Expected TRE, -424
2020-07-08 18:42:54,154 - sksurgeryfred - INFO - ablation, Actual FRE, 364
2020-07-08 18:44:15,380 - sksurgeryfred - INFO - ablation, Expected TRE, -514
2020-07-08 18:44:46,485 - sksurgeryfred - INFO - ablation, FLE and Number of Fids, -554
2020-07-08 18:45:17,064 - sksurgeryfred - INFO - ablation, FLE and Number of Fids, -549
2020-07-08 18:45:43,193 - sksurgeryfred - INFO - ablation, FLE and Number of Fids, -594
2020-07-08 15:55:38,153 - sksurgeryfred - INFO - ablation, Actual TRE, 889
2020-07-08 15:55:58,012 - sksurgeryfred - INFO - ablation, Actual TRE, 915
2020-07-08 15:56:20,600 - sksurgeryfred - INFO - ablation, Actual TRE, 889
2020-07-08 15:56:45,282 - sksurgeryfred - INFO - ablation, Actual TRE, 816
2020-07-08 16:01:12,148 - sksurgeryfred - INFO - ablation, FLE and Number of Fids, -146
2020-07-08 16:04:03,088 - sksurgeryfred - INFO - ablation, Expected FRE, 624
2020-07-08 16:08:43,342 - sksurgeryfred - INFO - ablation, Actual FRE, -192
2020-07-08 16:10:49,447 - sksurgeryfred - INFO - ablation, FLE and Number of Fids, -204
2020-07-08 16:13:29,936 - sksurgeryfred - INFO - ablation, Expected FRE, 624
2020-07-08 16:15:53,180 - sksurgeryfred - INFO - ablation, Expected FRE, 579
2020-07-08 16:17:01,519 - sksurgeryfred - INFO - ablation, Expected TRE, 751
2020-07-08 16:17:54,121 - sksurgeryfred - INFO - ablation, Expected FRE, 712
2020-07-08 16:21:58,179 - sksurgeryfred - INFO - ablation, Expected TRE, 524
2020-07-08 16:23:22,535 - sksurgeryfred - INFO - ablation, Actual FRE, 712
2020-07-08 16:24:43,804 - sksurgeryfred - INFO - ablation, FLE and Number of Fids, 564
2020-07-08 16:25:39,203 - sksurgeryfred - INFO - ablation, Expected TRE, 772
2020-07-08 16:26:37,957 - sksurgeryfred - INFO - ablation, FLE and Number of Fids, -38
2020-07-08 16:27:35,664 - sksurgeryfred - INFO - ablation, Actual FRE, 751
2020-07-08 16:28:32,752 - sksurgeryfred - INFO - ablation, Expected TRE, 712
2020-07-08 16:29:15,791 - sksurgeryfred - INFO - ablation, Actual FRE, 731
2020-07-08 18:17:31,478 - sksurgeryfred - INFO - ablation, Actual TRE, 751
2020-07-08 18:17:55,358 - sksurgeryfred - INFO - ablation, Actual TRE, 889
2020-07-08 18:18:09,893 - sksurgeryfred - INFO - ablation, Actual TRE, 731
2020-07-08 18:18:25,279 - sksurgeryfred - INFO - ablation, Actual TRE, -228
2020-07-08 18:18:46,327 - sksurgeryfred - INFO - ablation, FLE and Number of Fids, 579
2020-07-08 18:18:56,791 - sksurgeryfred - INFO - ablation, FLE and Number of Fids, 537
2020-07-08 18:19:11,612 - sksurgeryfred - INFO - ablation, Expected TRE, 537
2020-07-08 18:19:27,730 - sksurgeryfred - INFO - ablation, Actual FRE, 624
2020-07-08 18:19:43,993 - sksurgeryfred - INFO - ablation, Expected TRE, 537
2020-07-08 18:20:03,769 - sksurgeryfred - INFO - ablation, Actual FRE, 579
2020-07-08 18:20:28,171 - sksurgeryfred - INFO - ablation, Expected TRE, 675
2020-07-08 18:20:51,784 - sksurgeryfred - INFO - ablation, Expected FRE, 335
2020-07-08 18:21:15,924 - sksurgeryfred - INFO - ablation, FLE and Number of Fids, 455
2020-07-08 18:21:35,941 - sksurgeryfred - INFO - ablation, Actual FRE, 579
2020-07-08 18:21:57,414 - sksurgeryfred - INFO - ablation, Expected TRE, 512
2020-07-08 18:22:18,350 - sksurgeryfred - INFO - ablation, FLE and Number of Fids, 579
2020-07-08 18:22:30,760 - sksurgeryfred - INFO - ablation, Expected FRE, 579
2020-07-08 18:22:45,046 - sksurgeryfred - INFO - ablation, Expected FRE, 579
2020-07-08 18:22:59,930 - sksurgeryfred - INFO - ablation, Expected FRE, 579
2020-07-08 18:23:16,272 - sksurgeryfred - INFO - ablation, Actual FRE, 579
